Build started 25.01.2017 20:17:52.
Project "C:\Sosno_school\C++\1.Sort_array\Sort_array\Sort_array.vcxproj" on node 2 (build target(s)).
InitializeBuildStatus:
  Creating "Debug\Sort_array.unsuccessfulbuild" because "AlwaysCreate" was specified.
ClCompile:
  All outputs are up-to-date.
  C:\Program Files\Microsoft Visual Studio 10.0\VC\bin\CL.exe /c /ZI /nologo /W3 /WX- /Od /Oy- /D WIN32 /D _DEBUG /D _CONSOLE /D _UNICODE /D UNICODE /Gm /EHsc /RTC1 /MDd /GS /fp:precise /Zc:wchar_t /Zc:forScope /Yu"StdAfx.h" /Fp"Debug\Sort_array.pch" /Fo"Debug\\" /Fd"Debug\vc100.pdb" /Gd /TP /analyze- /errorReport:prompt Sort_array.cpp
  Sort_array.cpp
Link:
  C:\Program Files\Microsoft Visual Studio 10.0\VC\bin\link.exe /ERRORREPORT:PROMPT /OUT:"C:\Sosno_school\C++\1.Sort_array\Debug\Sort_array.exe" /INCREMENTAL:NO /NOLOGO kernel32.lib user32.lib gdi32.lib winspool.lib comdlg32.lib advapi32.lib shell32.lib ole32.lib oleaut32.lib uuid.lib odbc32.lib odbccp32.lib /MANIFEST /ManifestFile:"Debug\Sort_array.exe.intermediate.manifest" /MANIFESTUAC:"level='asInvoker' uiAccess='false'" /DEBUG /PDB:"C:\Sosno_school\C++\1.Sort_array\Debug\Sort_array.pdb" /SUBSYSTEM:CONSOLE /TLBID:1 /DYNAMICBASE /NXCOMPAT /IMPLIB:"C:\Sosno_school\C++\1.Sort_array\Debug\Sort_array.lib" /MACHINE:X86 Debug\Sort_array.obj
  Debug\stdafx.obj
Sort_array.obj : warning LNK4075: ignoring '/EDITANDCONTINUE' due to '/INCREMENTAL:NO' specification
  Sort_array.vcxproj -> C:\Sosno_school\C++\1.Sort_array\Debug\Sort_array.exe
Manifest:
  C:\Program Files\Microsoft SDKs\Windows\v7.0A\bin\mt.exe /nologo /verbose /outputresource:"C:\Sosno_school\C++\1.Sort_array\Debug\Sort_array.exe;#1" /manifest Debug\Sort_array.exe.intermediate.manifest
FinalizeBuildStatus:
  Deleting file "Debug\Sort_array.unsuccessfulbuild".
  Touching "Debug\Sort_array.lastbuildstate".
Done Building Project "C:\Sosno_school\C++\1.Sort_array\Sort_array\Sort_array.vcxproj" (build target(s)).

Build succeeded.

Time Elapsed 00:00:02.35
